C51 COMPILER V9.60.7.0   BSP_OBSTACLE_AVOIDANCE                                            04/06/2023 19:46:46 PAGE 1   


C51 COMPILER V9.60.7.0, COMPILATION OF MODULE BSP_OBSTACLE_AVOIDANCE
OBJECT MODULE PLACED IN ..\Output\bsp_obstacle_avoidance.obj
COMPILER INVOKED BY: C:\App\keil5MDK\C51\BIN\C51.EXE ..\User\obstacle_avoidance\bsp_obstacle_avoidance.c OPTIMIZE(8,SPEE
                    -D) BROWSE INCDIR(..\User;..\Libraries) DEBUG OBJECTEXTEND PRINT(..\Listing\bsp_obstacle_avoidance.lst) TABS(2) OBJECT(..
                    -\Output\bsp_obstacle_avoidance.obj)

line level    source

   1          # include "./obstacle_avoidance/bsp_obstacle_avoidance.h"
   2          # include "intrins.h"
   3          # include "./car/bsp_car.h"
   4          
   5          /**
   6           *  @brief  启动模块
   7           *  @param  无
   8           *  @retval 无
   9           */
  10          void  trigger(void)             
  11            {
  12   1          TRIG = 0;
  13   1          TRIG = 1;                          //启动一次模块
  14   1          _nop_(); 
  15   1          _nop_(); 
  16   1          _nop_(); 
  17   1          _nop_(); 
  18   1          _nop_(); 
  19   1          _nop_(); 
  20   1          _nop_(); 
  21   1          _nop_(); 
  22   1          _nop_(); 
  23   1          _nop_(); 
  24   1          TRIG = 0;
  25   1        }
  26          
  27          /**
  28           *  @brief  测距计算
  29           *  @param  无
  30           *  @retval 无
  31           */
  32          uint16_t calc(void){
  33   1      
  34   1          uint16_t duration, distance;
  35   1          duration = TH0 * 256 + TL0;
  36   1          duration *= 12/11.0592;
  37   1      
  38   1          distance = duration * 0.017;
  39   1          TH0 = 0;
  40   1          TL0 = 0;
  41   1      
  42   1          return distance;
  43   1      }
  44          
  45          /**
  46           *  @brief  测距
  47           *  @param  无
  48           *  @retval 无
  49           */
  50          uint16_t loop(void){
  51   1      
  52   1          uint16_t distance = 0, i = 0;
  53   1      
C51 COMPILER V9.60.7.0   BSP_OBSTACLE_AVOIDANCE                                            04/06/2023 19:46:46 PAGE 2   

  54   1          trigger();
  55   1          while(!ECHO){
  56   2              i ++;
  57   2              if (i == 1000){
  58   3                  break;
  59   3              }
  60   2          }
  61   1          i = 0;
  62   1          TR0 = 1;
  63   1          while(ECHO){
  64   2              i ++;
  65   2              if (i == 1000){
  66   3                  break;
  67   3              }
  68   2          }
  69   1          TR0 = 0;
  70   1          distance = calc();
  71   1          delay_1ms(10);
  72   1      
  73   1          return distance;
  74   1      }
  75          
  76          /**
  77           *  @brief  小车避障
  78           *  @param  无
  79           *  @retval 无
  80           */
  81          void Obsacle_Avoidance(void){
  82   1      
  83   1          uint16_t left, right;
  84   1          car_forward();
  85   1          if (loop() <= 30){
  86   2              car_retreat();
  87   2              delay(4000);
  88   2              car_left();
  89   2              delay(4000);
  90   2              car_stop();
  91   2              left = loop();
  92   2              car_right();
  93   2              delay(8000);
  94   2              car_stop();
  95   2              right = loop();
  96   2      
  97   2              if (left >= right){
  98   3                  car_left();
  99   3                  delay(8000);
 100   3                  car_stop();
 101   3                  car_forward();
 102   3              }
 103   2          }
 104   1      }


MODULE INFORMATION:   STATIC OVERLAYABLE
   CODE SIZE        =    231    ----
   CONSTANT SIZE    =   ----    ----
   XDATA SIZE       =   ----    ----
   PDATA SIZE       =   ----    ----
   DATA SIZE        =   ----       4
   IDATA SIZE       =   ----    ----
   BIT SIZE         =   ----    ----
END OF MODULE INFORMATION.

C51 COMPILER V9.60.7.0   BSP_OBSTACLE_AVOIDANCE                                            04/06/2023 19:46:46 PAGE 3   


C51 COMPILATION COMPLETE.  0 WARNING(S),  0 ERROR(S)
