C51 COMPILER V9.60.7.0   BSP_UART                                                          02/25/2023 20:52:12 PAGE 1   


C51 COMPILER V9.60.7.0, COMPILATION OF MODULE BSP_UART
OBJECT MODULE PLACED IN ..\Output\bsp_uart.obj
COMPILER INVOKED BY: C:\App\keil5MDK\C51\BIN\C51.EXE ..\User\uart\bsp_uart.c OPTIMIZE(8,SPEED) BROWSE INCDIR(..\User;..\
                    -Libraries) DEBUG OBJECTEXTEND PRINT(..\Listing\bsp_uart.lst) TABS(2) OBJECT(..\Output\bsp_uart.obj)

line level    source

   1          # include "./uart/bsp_uart.h"
   2          
   3          char dat;
   4          
   5          /**
   6           *  @brief  串口初始化
   7           *  @param  无
   8           *  @retval 无
   9           */
  10          void uart_Config(void){
  11   1      
  12   1        TMOD = 0x20;
  13   1        SCON = 0x50;
  14   1      
  15   1        TH1 = 0xFD;
  16   1        TL1 = 0xFD;
  17   1        SCON |= 0x02;
  18   1        ES=1;   
  19   1        EA=1;   
  20   1        TR1=1;
  21   1        EA = 1;
  22   1      }
  23          
  24          void uart() interrupt 4 {
  25   1      
  26   1        RI = 0;     
  27   1        dat = SBUF;
  28   1      }


MODULE INFORMATION:   STATIC OVERLAYABLE
   CODE SIZE        =     30    ----
   CONSTANT SIZE    =   ----    ----
   XDATA SIZE       =   ----    ----
   PDATA SIZE       =   ----    ----
   DATA SIZE        =      1    ----
   IDATA SIZE       =   ----    ----
   BIT SIZE         =   ----    ----
END OF MODULE INFORMATION.


C51 COMPILATION COMPLETE.  0 WARNING(S),  0 ERROR(S)
