C51 COMPILER V9.60.7.0   BSP_TCRT5000                                                      02/25/2023 20:52:13 PAGE 1   


C51 COMPILER V9.60.7.0, COMPILATION OF MODULE BSP_TCRT5000
OBJECT MODULE PLACED IN ..\Output\bsp_tcrt5000.obj
COMPILER INVOKED BY: C:\App\keil5MDK\C51\BIN\C51.EXE ..\User\tcrt5000\bsp_tcrt5000.c OPTIMIZE(8,SPEED) BROWSE INCDIR(..\
                    -User;..\Libraries) DEBUG OBJECTEXTEND PRINT(..\Listing\bsp_tcrt5000.lst) TABS(2) OBJECT(..\Output\bsp_tcrt5000.obj)

line level    source

   1          # include "./tcrt5000/bsp_tcrt5000.h"
   2          # include "./car/bsp_car.h"
   3          
   4          /**
   5           *  @brief  小车循迹
   6           *  @param  无
   7           *  @retval 无
   8           */
   9          void FollowTheTrail(void){
  10   1      
  11   1          if (S1 == 0 && S2 == 0 && S3 == 0 && S4 == 0 || S1 == 1 && S2 == 1 && S3 == 1 && S4 == 1){
  12   2              car_forward();
  13   2              car_stop();
  14   2          }
  15   1          else if(S1 == 0 && S2 == 1 && S3 == 1 && S4 == 1){
  16   2              car_left();
  17   2              car_stop();
  18   2          }
  19   1          else if(S1 == 1 && S2 == 0 && S3 == 1 && S4 == 1){
  20   2              car_left();
  21   2              car_stop();
  22   2          }
  23   1          else if (S1 == 1 && S2 == 1 && S3 == 0 && S4 == 1){
  24   2              car_right();
  25   2              car_stop();
  26   2          }
  27   1          else if(S1 == 1 && S2 == 1 && S3 == 1 && S4 == 0){
  28   2              car_right();
  29   2              car_stop();
  30   2          }
  31   1      }


MODULE INFORMATION:   STATIC OVERLAYABLE
   CODE SIZE        =     99    ----
   CONSTANT SIZE    =   ----    ----
   XDATA SIZE       =   ----    ----
   PDATA SIZE       =   ----    ----
   DATA SIZE        =   ----    ----
   IDATA SIZE       =   ----    ----
   BIT SIZE         =   ----    ----
END OF MODULE INFORMATION.


C51 COMPILATION COMPLETE.  0 WARNING(S),  0 ERROR(S)
