C51 COMPILER V9.60.7.0   MAIN                                                              02/25/2023 20:52:12 PAGE 1   


C51 COMPILER V9.60.7.0, COMPILATION OF MODULE MAIN
OBJECT MODULE PLACED IN ..\Output\main.obj
COMPILER INVOKED BY: C:\App\keil5MDK\C51\BIN\C51.EXE ..\User\main.c OPTIMIZE(8,SPEED) BROWSE INCDIR(..\User;..\Libraries
                    -) DEBUG OBJECTEXTEND PRINT(..\Listing\main.lst) TABS(2) OBJECT(..\Output\main.obj)

line level    source

   1          # include "stc89cxx.h"
   2          # include "./car/bsp_car.h"
   3          # include "./uart/bsp_uart.h"
   4          # include "./tcrt5000/bsp_tcrt5000.h"
   5          
   6          extern char dat;
   7          
   8          void main(void){
   9   1      
  10   1          uart_Config();
  11   1      
  12   1          while(1){
  13   2      
  14   2              if (dat == 'W'){
  15   3                  car_stop();
  16   3                  car_forward();
  17   3              }
  18   2              else if (dat == 'S'){
  19   3                  car_stop();
  20   3                  car_retreat();
  21   3              }
  22   2              else if (dat == 'A'){
  23   3                  car_stop();
  24   3                  car_left();
  25   3              }
  26   2              else if (dat == 'D'){
  27   3                  car_stop();
  28   3                  car_right();
  29   3              }
  30   2              else if (dat == 'T'){
  31   3                  car_stop();
  32   3              }
  33   2              else if (dat == 'X'){
  34   3                  dat = ' ';
  35   3                  car_stop();
  36   3                  do{
  37   4                      FollowTheTrail();
  38   4                  }while(dat == 'X');
  39   3                  car_stop();
  40   3              }
  41   2          }
  42   1      }


MODULE INFORMATION:   STATIC OVERLAYABLE
   CODE SIZE        =     90    ----
   CONSTANT SIZE    =   ----    ----
   XDATA SIZE       =   ----    ----
   PDATA SIZE       =   ----    ----
   DATA SIZE        =   ----    ----
   IDATA SIZE       =   ----    ----
   BIT SIZE         =   ----    ----
END OF MODULE INFORMATION.


C51 COMPILATION COMPLETE.  0 WARNING(S),  0 ERROR(S)
