C51 COMPILER V9.60.7.0   STC89CXX                                                          04/06/2023 19:46:46 PAGE 1   


C51 COMPILER V9.60.7.0, COMPILATION OF MODULE STC89CXX
OBJECT MODULE PLACED IN ..\Output\stc89cxx.obj
COMPILER INVOKED BY: C:\App\keil5MDK\C51\BIN\C51.EXE ..\Libraries\stc89cxx.c OPTIMIZE(8,SPEED) BROWSE INCDIR(..\User;..\
                    -Libraries) DEBUG OBJECTEXTEND PRINT(..\Listing\stc89cxx.lst) TABS(2) OBJECT(..\Output\stc89cxx.obj)

line level    source

   1          # include "stc89cxx.h"
   2          
   3          void delay_1ms(uint16_t z){
   4   1      
   5   1        uint8_t i = 0;
   6   1        while(z --){
   7   2          for (i = 0; i <= 120; i ++);
   8   2        }
   9   1      }
  10          
  11          void delay(uint16_t n){
  12   1        while(n --);
  13   1      }
  14          


MODULE INFORMATION:   STATIC OVERLAYABLE
   CODE SIZE        =     33    ----
   CONSTANT SIZE    =   ----    ----
   XDATA SIZE       =   ----    ----
   PDATA SIZE       =   ----    ----
   DATA SIZE        =   ----    ----
   IDATA SIZE       =   ----    ----
   BIT SIZE         =   ----    ----
END OF MODULE INFORMATION.


C51 COMPILATION COMPLETE.  0 WARNING(S),  0 ERROR(S)
