C51 COMPILER V9.60.7.0   BSP_UART                                                          02/14/2023 15:34:43 PAGE 1   


C51 COMPILER V9.60.7.0, COMPILATION OF MODULE BSP_UART
OBJECT MODULE PLACED IN ..\Output\bsp_uart.obj
COMPILER INVOKED BY: C:\App\keil5MDK\C51\BIN\C51.EXE ..\User\uart\bsp_uart.c OPTIMIZE(8,SPEED) BROWSE INCDIR(..\User;..\
                    -Libraries) DEBUG OBJECTEXTEND PRINT(..\Listing\bsp_uart.lst) TABS(2) OBJECT(..\Output\bsp_uart.obj)

line level    source

   1          # include "./uart/bsp_uart.h"
   2          # include "stdio.h"
   3          
   4          extern char dat = 0;
   5          
   6          int putchar(int c){
   7   1      
   8   1          while(!(SCON & 0x02));
   9   1          SCON &= ~0x02;
  10   1          SBUF = c;
  11   1          return (c);
  12   1      }
  13          
  14          /**
  15           *  @brief  串口初始化
  16           *  @param  无
  17           *  @retval 无
  18           */
  19          void uart_Config(void){
  20   1      
  21   1          TMOD = 0x20;
  22   1          SCON = 0x50;
  23   1      
  24   1          TH1 = 0xFD;
  25   1          TL1 = 0xFD;
  26   1          SCON |= 0x02;
  27   1      
  28   1          ES=1;   
  29   1          EA=1;   
  30   1          TR1=1;
  31   1          EA = 1;
  32   1      }
  33          
  34          void uart() interrupt 4 {
  35   1      
  36   1        if (RI == 1){
  37   2          RI = 0;     
  38   2          dat = SBUF;
  39   2        }
  40   1      }


MODULE INFORMATION:   STATIC OVERLAYABLE
   CODE SIZE        =     44    ----
   CONSTANT SIZE    =   ----    ----
   XDATA SIZE       =   ----    ----
   PDATA SIZE       =   ----    ----
   DATA SIZE        =   ----    ----
   IDATA SIZE       =   ----    ----
   BIT SIZE         =   ----    ----
END OF MODULE INFORMATION.


C51 COMPILATION COMPLETE.  0 WARNING(S),  0 ERROR(S)
