C51 COMPILER V9.60.7.0   BSP_BFD_1000                                                      02/12/2023 18:29:30 PAGE 1   


C51 COMPILER V9.60.7.0, COMPILATION OF MODULE BSP_BFD_1000
OBJECT MODULE PLACED IN ..\Output\bsp_bfd_1000.obj
COMPILER INVOKED BY: C:\App\keil5MDK\C51\BIN\C51.EXE ..\User\bfd\bsp_bfd_1000.c OPTIMIZE(8,SPEED) BROWSE INCDIR(..\User;
                    -..\Libraries) DEBUG OBJECTEXTEND PRINT(..\Listing\bsp_bfd_1000.lst) TABS(2) OBJECT(..\Output\bsp_bfd_1000.obj)

line level    source

   1          # include "./bfd/bsp_bfd_1000.h"
   2          
   3          /**
   4           *  @brief  小车循迹
   5           *  @param  无
   6           *  @retval 无
   7           */
   8          void FollowTheTrail(void){
   9   1      }


MODULE INFORMATION:   STATIC OVERLAYABLE
   CODE SIZE        =      1    ----
   CONSTANT SIZE    =   ----    ----
   XDATA SIZE       =   ----    ----
   PDATA SIZE       =   ----    ----
   DATA SIZE        =   ----    ----
   IDATA SIZE       =   ----    ----
   BIT SIZE         =   ----    ----
END OF MODULE INFORMATION.


C51 COMPILATION COMPLETE.  0 WARNING(S),  0 ERROR(S)
